#-----------------------------------------------------------
# Vivado v2019.2 (64-bit)
# SW Build 2708876 on Wed Nov  6 21:40:23 MST 2019
# IP Build 2700528 on Thu Nov  7 00:09:20 MST 2019
# Start of session at: Tue May  5 13:57:03 2020
# Process ID: 10416
# Current directory: C:/Users/q1109/OneDrive/RISC_V
# Command line: vivado.exe -gui_launcher_event rodinguilauncherevent1460 C:\Users\q1109\OneDrive\RISC_V\RISC_V.xpr
# Log file: C:/Users/q1109/OneDrive/RISC_V/vivado.log
# Journal file: C:/Users/q1109/OneDrive/RISC_V\vivado.jou
#-----------------------------------------------------------
start_gui
open_project C:/Users/q1109/OneDrive/RISC_V/RISC_V.xpr
Scanning sources...
Finished scanning sources
INFO: [IP_Flow 19-234] Refreshing IP repositories
INFO: [IP_Flow 19-1700] Loaded user IP repository 'c:/Users/q1109/OneDrive/ip_repo/myip_1.0'.
INFO: [IP_Flow 19-2313] Loaded Vivado IP repository 'C:/Xilinx/Vivado/2019.2/data/ip'.
open_project: Time (s): cpu = 00:00:25 ; elapsed = 00:00:24 . Memory (MB): peak = 916.551 ; gain = 281.176
update_compile_order -fileset sources_1
synth_design -rtl -name rtl_1
Command: synth_design -rtl -name rtl_1
Starting synth_design
Using part: xc7a35tfgg484-2
Top: CPU
INFO: [Device 21-403] Loading part xc7a35tfgg484-2
WARNING: [Synth 8-6901] identifier 'ex_mem_in_write_reg_ce' is used before its declaration [C:/Users/q1109/OneDrive/RISC_V/RISC_V.srcs/sources_1/new/Pipeline.v:138]
WARNING: [Synth 8-6901] identifier 'ex_mem_in_write_reg_addr' is used before its declaration [C:/Users/q1109/OneDrive/RISC_V/RISC_V.srcs/sources_1/new/Pipeline.v:140]
WARNING: [Synth 8-6901] identifier 'ex_mem_in_res' is used before its declaration [C:/Users/q1109/OneDrive/RISC_V/RISC_V.srcs/sources_1/new/Pipeline.v:142]
WARNING: [Synth 8-6901] identifier 'mem_wb_in_reg_en' is used before its declaration [C:/Users/q1109/OneDrive/RISC_V/RISC_V.srcs/sources_1/new/Pipeline.v:145]
WARNING: [Synth 8-6901] identifier 'mem_wb_in_reg_addr' is used before its declaration [C:/Users/q1109/OneDrive/RISC_V/RISC_V.srcs/sources_1/new/Pipeline.v:147]
WARNING: [Synth 8-6901] identifier 'mem_wb_in_mem_en' is used before its declaration [C:/Users/q1109/OneDrive/RISC_V/RISC_V.srcs/sources_1/new/Pipeline.v:149]
WARNING: [Synth 8-6901] identifier 'mem_wb_in_mem_data' is used before its declaration [C:/Users/q1109/OneDrive/RISC_V/RISC_V.srcs/sources_1/new/Pipeline.v:149]
WARNING: [Synth 8-6901] identifier 'mem_wb_in_ex_res' is used before its declaration [C:/Users/q1109/OneDrive/RISC_V/RISC_V.srcs/sources_1/new/Pipeline.v:150]
WARNING: [Synth 8-6901] identifier 'ex_mem_in_csr_we' is used before its declaration [C:/Users/q1109/OneDrive/RISC_V/RISC_V.srcs/sources_1/new/Pipeline.v:165]
WARNING: [Synth 8-6901] identifier 'ex_mem_in_csr_write_addr' is used before its declaration [C:/Users/q1109/OneDrive/RISC_V/RISC_V.srcs/sources_1/new/Pipeline.v:167]
WARNING: [Synth 8-6901] identifier 'ex_mem_in_res' is used before its declaration [C:/Users/q1109/OneDrive/RISC_V/RISC_V.srcs/sources_1/new/Pipeline.v:169]
WARNING: [Synth 8-6901] identifier 'mem_wb_in_csr_we' is used before its declaration [C:/Users/q1109/OneDrive/RISC_V/RISC_V.srcs/sources_1/new/Pipeline.v:172]
WARNING: [Synth 8-6901] identifier 'mem_wb_in_csr_write_addr' is used before its declaration [C:/Users/q1109/OneDrive/RISC_V/RISC_V.srcs/sources_1/new/Pipeline.v:174]
WARNING: [Synth 8-6901] identifier 'mem_wb_in_ex_res' is used before its declaration [C:/Users/q1109/OneDrive/RISC_V/RISC_V.srcs/sources_1/new/Pipeline.v:176]
---------------------------------------------------------------------------------
Starting RTL Elaboration : Time (s): cpu = 00:00:06 ; elapsed = 00:00:08 . Memory (MB): peak = 1475.172 ; gain = 226.867
---------------------------------------------------------------------------------
INFO: [Synth 8-6157] synthesizing module 'CPU' [C:/Users/q1109/OneDrive/RISC_V/RISC_V.srcs/sources_1/new/CPU.v:23]
INFO: [Synth 8-6157] synthesizing module 'IO' [C:/Users/q1109/OneDrive/RISC_V/RISC_V.srcs/sources_1/new/IO.v:23]
INFO: [Synth 8-6157] synthesizing module 'AXI' [C:/Users/q1109/OneDrive/RISC_V/RISC_V.srcs/sources_1/new/AXI.v:22]
INFO: [Synth 8-6157] synthesizing module 'myip_0' [C:/Users/q1109/OneDrive/RISC_V/.Xil/Vivado-10416-LAPTOP-AEDG5TQK/realtime/myip_0_stub.v:6]
INFO: [Synth 8-6155] done synthesizing module 'myip_0' (1#1) [C:/Users/q1109/OneDrive/RISC_V/.Xil/Vivado-10416-LAPTOP-AEDG5TQK/realtime/myip_0_stub.v:6]
INFO: [Synth 8-6155] done synthesizing module 'AXI' (2#1) [C:/Users/q1109/OneDrive/RISC_V/RISC_V.srcs/sources_1/new/AXI.v:22]
INFO: [Synth 8-6155] done synthesizing module 'IO' (3#1) [C:/Users/q1109/OneDrive/RISC_V/RISC_V.srcs/sources_1/new/IO.v:23]
INFO: [Synth 8-6157] synthesizing module 'Pipeline' [C:/Users/q1109/OneDrive/RISC_V/RISC_V.srcs/sources_1/new/Pipeline.v:24]
INFO: [Synth 8-5534] Detected attribute (* DONT_TOUCH = "true" *) [C:/Users/q1109/OneDrive/RISC_V/RISC_V.srcs/sources_1/new/Pipeline.v:53]
INFO: [Synth 8-5534] Detected attribute (* DONT_TOUCH = "true" *) [C:/Users/q1109/OneDrive/RISC_V/RISC_V.srcs/sources_1/new/Pipeline.v:54]
INFO: [Synth 8-5534] Detected attribute (* DONT_TOUCH = "true" *) [C:/Users/q1109/OneDrive/RISC_V/RISC_V.srcs/sources_1/new/Pipeline.v:55]
INFO: [Synth 8-5534] Detected attribute (* DONT_TOUCH = "true" *) [C:/Users/q1109/OneDrive/RISC_V/RISC_V.srcs/sources_1/new/Pipeline.v:56]
INFO: [Synth 8-5534] Detected attribute (* DONT_TOUCH = "true" *) [C:/Users/q1109/OneDrive/RISC_V/RISC_V.srcs/sources_1/new/Pipeline.v:57]
INFO: [Synth 8-5534] Detected attribute (* DONT_TOUCH = "true" *) [C:/Users/q1109/OneDrive/RISC_V/RISC_V.srcs/sources_1/new/Pipeline.v:58]
INFO: [Synth 8-5534] Detected attribute (* DONT_TOUCH = "true" *) [C:/Users/q1109/OneDrive/RISC_V/RISC_V.srcs/sources_1/new/Pipeline.v:60]
INFO: [Synth 8-5534] Detected attribute (* DONT_TOUCH = "true" *) [C:/Users/q1109/OneDrive/RISC_V/RISC_V.srcs/sources_1/new/Pipeline.v:61]
INFO: [Synth 8-5534] Detected attribute (* mark_debug = "true" *) [C:/Users/q1109/OneDrive/RISC_V/RISC_V.srcs/sources_1/new/Pipeline.v:61]
INFO: [Synth 8-5534] Detected attribute (* DONT_TOUCH = "true" *) [C:/Users/q1109/OneDrive/RISC_V/RISC_V.srcs/sources_1/new/Pipeline.v:62]
INFO: [Synth 8-5534] Detected attribute (* DONT_TOUCH = "true" *) [C:/Users/q1109/OneDrive/RISC_V/RISC_V.srcs/sources_1/new/Pipeline.v:63]
INFO: [Synth 8-5534] Detected attribute (* DONT_TOUCH = "true" *) [C:/Users/q1109/OneDrive/RISC_V/RISC_V.srcs/sources_1/new/Pipeline.v:65]
INFO: [Synth 8-5534] Detected attribute (* mark_debug = "true" *) [C:/Users/q1109/OneDrive/RISC_V/RISC_V.srcs/sources_1/new/Pipeline.v:65]
INFO: [Synth 8-5534] Detected attribute (* DONT_TOUCH = "true" *) [C:/Users/q1109/OneDrive/RISC_V/RISC_V.srcs/sources_1/new/Pipeline.v:66]
INFO: [Synth 8-5534] Detected attribute (* DONT_TOUCH = "true" *) [C:/Users/q1109/OneDrive/RISC_V/RISC_V.srcs/sources_1/new/Pipeline.v:67]
INFO: [Synth 8-5534] Detected attribute (* DONT_TOUCH = "true" *) [C:/Users/q1109/OneDrive/RISC_V/RISC_V.srcs/sources_1/new/Pipeline.v:68]
INFO: [Synth 8-5534] Detected attribute (* DONT_TOUCH = "true" *) [C:/Users/q1109/OneDrive/RISC_V/RISC_V.srcs/sources_1/new/Pipeline.v:69]
INFO: [Synth 8-5534] Detected attribute (* DONT_TOUCH = "true" *) [C:/Users/q1109/OneDrive/RISC_V/RISC_V.srcs/sources_1/new/Pipeline.v:71]
INFO: [Synth 8-5534] Detected attribute (* keep = "true" *) [C:/Users/q1109/OneDrive/RISC_V/RISC_V.srcs/sources_1/new/Pipeline.v:92]
INFO: [Synth 8-5534] Detected attribute (* keep = "true" *) [C:/Users/q1109/OneDrive/RISC_V/RISC_V.srcs/sources_1/new/Pipeline.v:93]
INFO: [Synth 8-5534] Detected attribute (* keep = "true" *) [C:/Users/q1109/OneDrive/RISC_V/RISC_V.srcs/sources_1/new/Pipeline.v:94]
INFO: [Synth 8-5534] Detected attribute (* keep = "true" *) [C:/Users/q1109/OneDrive/RISC_V/RISC_V.srcs/sources_1/new/Pipeline.v:109]
INFO: [Synth 8-5534] Detected attribute (* keep = "true" *) [C:/Users/q1109/OneDrive/RISC_V/RISC_V.srcs/sources_1/new/Pipeline.v:138]
INFO: [Synth 8-5534] Detected attribute (* keep = "true" *) [C:/Users/q1109/OneDrive/RISC_V/RISC_V.srcs/sources_1/new/Pipeline.v:140]
INFO: [Synth 8-5534] Detected attribute (* keep = "true" *) [C:/Users/q1109/OneDrive/RISC_V/RISC_V.srcs/sources_1/new/Pipeline.v:142]
INFO: [Synth 8-5534] Detected attribute (* keep = "true" *) [C:/Users/q1109/OneDrive/RISC_V/RISC_V.srcs/sources_1/new/Pipeline.v:145]
INFO: [Synth 8-5534] Detected attribute (* keep = "true" *) [C:/Users/q1109/OneDrive/RISC_V/RISC_V.srcs/sources_1/new/Pipeline.v:147]
INFO: [Synth 8-5534] Detected attribute (* keep = "true" *) [C:/Users/q1109/OneDrive/RISC_V/RISC_V.srcs/sources_1/new/Pipeline.v:149]
INFO: [Synth 8-5534] Detected attribute (* keep = "true" *) [C:/Users/q1109/OneDrive/RISC_V/RISC_V.srcs/sources_1/new/Pipeline.v:154]
INFO: [Synth 8-5534] Detected attribute (* keep = "true" *) [C:/Users/q1109/OneDrive/RISC_V/RISC_V.srcs/sources_1/new/Pipeline.v:156]
INFO: [Synth 8-5534] Detected attribute (* keep = "true" *) [C:/Users/q1109/OneDrive/RISC_V/RISC_V.srcs/sources_1/new/Pipeline.v:158]
INFO: [Synth 8-5534] Detected attribute (* keep = "true" *) [C:/Users/q1109/OneDrive/RISC_V/RISC_V.srcs/sources_1/new/Pipeline.v:165]
INFO: [Synth 8-5534] Detected attribute (* keep = "true" *) [C:/Users/q1109/OneDrive/RISC_V/RISC_V.srcs/sources_1/new/Pipeline.v:167]
INFO: [Synth 8-5534] Detected attribute (* keep = "true" *) [C:/Users/q1109/OneDrive/RISC_V/RISC_V.srcs/sources_1/new/Pipeline.v:169]
INFO: [Synth 8-5534] Detected attribute (* keep = "true" *) [C:/Users/q1109/OneDrive/RISC_V/RISC_V.srcs/sources_1/new/Pipeline.v:172]
INFO: [Synth 8-5534] Detected attribute (* keep = "true" *) [C:/Users/q1109/OneDrive/RISC_V/RISC_V.srcs/sources_1/new/Pipeline.v:174]
INFO: [Synth 8-5534] Detected attribute (* keep = "true" *) [C:/Users/q1109/OneDrive/RISC_V/RISC_V.srcs/sources_1/new/Pipeline.v:176]
INFO: [Synth 8-5534] Detected attribute (* keep = "true" *) [C:/Users/q1109/OneDrive/RISC_V/RISC_V.srcs/sources_1/new/Pipeline.v:179]
INFO: [Synth 8-5534] Detected attribute (* keep = "true" *) [C:/Users/q1109/OneDrive/RISC_V/RISC_V.srcs/sources_1/new/Pipeline.v:181]
INFO: [Synth 8-5534] Detected attribute (* keep = "true" *) [C:/Users/q1109/OneDrive/RISC_V/RISC_V.srcs/sources_1/new/Pipeline.v:183]
INFO: [Synth 8-5534] Detected attribute (* keep = "true" *) [C:/Users/q1109/OneDrive/RISC_V/RISC_V.srcs/sources_1/new/Pipeline.v:249]
INFO: [Synth 8-5534] Detected attribute (* DONT_TOUCH = "true" *) [C:/Users/q1109/OneDrive/RISC_V/RISC_V.srcs/sources_1/new/Pipeline.v:333]
INFO: [Synth 8-6157] synthesizing module 'Instr_Fetch' [C:/Users/q1109/OneDrive/RISC_V/RISC_V.srcs/sources_1/new/Instr_Fetch.v:24]
INFO: [Synth 8-6157] synthesizing module 'PC' [C:/Users/q1109/OneDrive/RISC_V/RISC_V.srcs/sources_1/new/PC.v:23]
INFO: [Synth 8-6155] done synthesizing module 'PC' (4#1) [C:/Users/q1109/OneDrive/RISC_V/RISC_V.srcs/sources_1/new/PC.v:23]
INFO: [Synth 8-6157] synthesizing module 'ROM' [C:/Users/q1109/OneDrive/RISC_V/RISC_V.srcs/sources_1/new/ROM.v:23]
INFO: [Synth 8-6157] synthesizing module 'ROM_8' [C:/Users/q1109/OneDrive/RISC_V/.Xil/Vivado-10416-LAPTOP-AEDG5TQK/realtime/ROM_8_stub.v:6]
INFO: [Synth 8-6155] done synthesizing module 'ROM_8' (5#1) [C:/Users/q1109/OneDrive/RISC_V/.Xil/Vivado-10416-LAPTOP-AEDG5TQK/realtime/ROM_8_stub.v:6]
INFO: [Synth 8-6155] done synthesizing module 'ROM' (6#1) [C:/Users/q1109/OneDrive/RISC_V/RISC_V.srcs/sources_1/new/ROM.v:23]
INFO: [Synth 8-6157] synthesizing module 'dec' [C:/Users/q1109/OneDrive/RISC_V/RISC_V.srcs/sources_1/new/dec.v:23]
INFO: [Synth 8-6155] done synthesizing module 'dec' (7#1) [C:/Users/q1109/OneDrive/RISC_V/RISC_V.srcs/sources_1/new/dec.v:23]
INFO: [Synth 8-6157] synthesizing module 'PHT' [C:/Users/q1109/OneDrive/RISC_V/RISC_V.srcs/sources_1/new/PHT.v:23]
	Parameter strong_not_take bound to: 2'b00 
	Parameter weak_not_take bound to: 2'b01 
	Parameter weak_take bound to: 2'b10 
	Parameter strong_take bound to: 2'b11 
INFO: [Synth 8-6155] done synthesizing module 'PHT' (8#1) [C:/Users/q1109/OneDrive/RISC_V/RISC_V.srcs/sources_1/new/PHT.v:23]
INFO: [Synth 8-6157] synthesizing module 'BTB' [C:/Users/q1109/OneDrive/RISC_V/RISC_V.srcs/sources_1/new/BTB.v:23]
INFO: [Synth 8-6155] done synthesizing module 'BTB' (9#1) [C:/Users/q1109/OneDrive/RISC_V/RISC_V.srcs/sources_1/new/BTB.v:23]
INFO: [Synth 8-6157] synthesizing module 'pc_sel' [C:/Users/q1109/OneDrive/RISC_V/RISC_V.srcs/sources_1/new/pc_sel.v:23]
INFO: [Synth 8-6155] done synthesizing module 'pc_sel' (10#1) [C:/Users/q1109/OneDrive/RISC_V/RISC_V.srcs/sources_1/new/pc_sel.v:23]
INFO: [Synth 8-6157] synthesizing module 'adder4' [C:/Users/q1109/OneDrive/RISC_V/RISC_V.srcs/sources_1/new/adder4.v:23]
INFO: [Synth 8-6155] done synthesizing module 'adder4' (11#1) [C:/Users/q1109/OneDrive/RISC_V/RISC_V.srcs/sources_1/new/adder4.v:23]
INFO: [Synth 8-6155] done synthesizing module 'Instr_Fetch' (12#1) [C:/Users/q1109/OneDrive/RISC_V/RISC_V.srcs/sources_1/new/Instr_Fetch.v:24]
INFO: [Synth 8-6157] synthesizing module 'fet_dec' [C:/Users/q1109/OneDrive/RISC_V/RISC_V.srcs/sources_1/new/fet_dec.v:24]
INFO: [Synth 8-5534] Detected attribute (* DONT_TOUCH = "true" *) [C:/Users/q1109/OneDrive/RISC_V/RISC_V.srcs/sources_1/new/fet_dec.v:38]
INFO: [Synth 8-6155] done synthesizing module 'fet_dec' (13#1) [C:/Users/q1109/OneDrive/RISC_V/RISC_V.srcs/sources_1/new/fet_dec.v:24]
INFO: [Synth 8-6157] synthesizing module 'Instr_Decode' [C:/Users/q1109/OneDrive/RISC_V/RISC_V.srcs/sources_1/new/Instr_Decode.v:24]
INFO: [Synth 8-5534] Detected attribute (* keep = "true" *) [C:/Users/q1109/OneDrive/RISC_V/RISC_V.srcs/sources_1/new/Instr_Decode.v:104]
INFO: [Synth 8-5534] Detected attribute (* keep = "true" *) [C:/Users/q1109/OneDrive/RISC_V/RISC_V.srcs/sources_1/new/Instr_Decode.v:105]
INFO: [Synth 8-5534] Detected attribute (* keep = "true" *) [C:/Users/q1109/OneDrive/RISC_V/RISC_V.srcs/sources_1/new/Instr_Decode.v:108]
INFO: [Synth 8-5534] Detected attribute (* keep = "true" *) [C:/Users/q1109/OneDrive/RISC_V/RISC_V.srcs/sources_1/new/Instr_Decode.v:109]
INFO: [Synth 8-6157] synthesizing module 'Decoder' [C:/Users/q1109/OneDrive/RISC_V/RISC_V.srcs/sources_1/new/Decoder.v:24]
INFO: [Synth 8-226] default block is never used [C:/Users/q1109/OneDrive/RISC_V/RISC_V.srcs/sources_1/new/Decoder.v:623]
INFO: [Synth 8-226] default block is never used [C:/Users/q1109/OneDrive/RISC_V/RISC_V.srcs/sources_1/new/Decoder.v:967]
INFO: [Synth 8-6155] done synthesizing module 'Decoder' (14#1) [C:/Users/q1109/OneDrive/RISC_V/RISC_V.srcs/sources_1/new/Decoder.v:24]
INFO: [Synth 8-6157] synthesizing module 'register' [C:/Users/q1109/OneDrive/RISC_V/RISC_V.srcs/sources_1/new/register.v:24]
INFO: [Synth 8-5534] Detected attribute (* keep = "true" *) [C:/Users/q1109/OneDrive/RISC_V/RISC_V.srcs/sources_1/new/register.v:95]
INFO: [Synth 8-5534] Detected attribute (* keep = "true" *) [C:/Users/q1109/OneDrive/RISC_V/RISC_V.srcs/sources_1/new/register.v:96]
INFO: [Synth 8-5534] Detected attribute (* keep = "true" *) [C:/Users/q1109/OneDrive/RISC_V/RISC_V.srcs/sources_1/new/register.v:97]
INFO: [Synth 8-5534] Detected attribute (* keep = "true" *) [C:/Users/q1109/OneDrive/RISC_V/RISC_V.srcs/sources_1/new/register.v:102]
INFO: [Synth 8-5534] Detected attribute (* keep = "true" *) [C:/Users/q1109/OneDrive/RISC_V/RISC_V.srcs/sources_1/new/register.v:103]
WARNING: [Synth 8-5788] Register CSR_reg[7] in module register is has both Set and reset with same priority. This may cause simulation mismatches. Consider rewriting code  [C:/Users/q1109/OneDrive/RISC_V/RISC_V.srcs/sources_1/new/register.v:150]
WARNING: [Synth 8-5788] Register CSR_reg[6] in module register is has both Set and reset with same priority. This may cause simulation mismatches. Consider rewriting code  [C:/Users/q1109/OneDrive/RISC_V/RISC_V.srcs/sources_1/new/register.v:150]
WARNING: [Synth 8-5788] Register CSR_reg[5] in module register is has both Set and reset with same priority. This may cause simulation mismatches. Consider rewriting code  [C:/Users/q1109/OneDrive/RISC_V/RISC_V.srcs/sources_1/new/register.v:150]
WARNING: [Synth 8-5788] Register CSR_reg[4] in module register is has both Set and reset with same priority. This may cause simulation mismatches. Consider rewriting code  [C:/Users/q1109/OneDrive/RISC_V/RISC_V.srcs/sources_1/new/register.v:150]
WARNING: [Synth 8-5788] Register CSR_reg[3] in module register is has both Set and reset with same priority. This may cause simulation mismatches. Consider rewriting code  [C:/Users/q1109/OneDrive/RISC_V/RISC_V.srcs/sources_1/new/register.v:150]
WARNING: [Synth 8-5788] Register CSR_reg[2] in module register is has both Set and reset with same priority. This may cause simulation mismatches. Consider rewriting code  [C:/Users/q1109/OneDrive/RISC_V/RISC_V.srcs/sources_1/new/register.v:150]
WARNING: [Synth 8-5788] Register CSR_reg[1] in module register is has both Set and reset with same priority. This may cause simulation mismatches. Consider rewriting code  [C:/Users/q1109/OneDrive/RISC_V/RISC_V.srcs/sources_1/new/register.v:150]
INFO: [Synth 8-6155] done synthesizing module 'register' (15#1) [C:/Users/q1109/OneDrive/RISC_V/RISC_V.srcs/sources_1/new/register.v:24]
WARNING: [Synth 8-689] width (12) of port connection 'i_ex_push_csr_addr' does not match port width (5) of module 'register' [C:/Users/q1109/OneDrive/RISC_V/RISC_V.srcs/sources_1/new/Instr_Decode.v:143]
WARNING: [Synth 8-689] width (12) of port connection 'i_mem_push_csr_addr' does not match port width (5) of module 'register' [C:/Users/q1109/OneDrive/RISC_V/RISC_V.srcs/sources_1/new/Instr_Decode.v:144]
WARNING: [Synth 8-689] width (12) of port connection 'i_wb_push_csr_addr' does not match port width (5) of module 'register' [C:/Users/q1109/OneDrive/RISC_V/RISC_V.srcs/sources_1/new/Instr_Decode.v:145]
INFO: [Synth 8-6157] synthesizing module 'operand_generator' [C:/Users/q1109/OneDrive/RISC_V/RISC_V.srcs/sources_1/new/operand_generator.v:24]
INFO: [Synth 8-6155] done synthesizing module 'operand_generator' (16#1) [C:/Users/q1109/OneDrive/RISC_V/RISC_V.srcs/sources_1/new/operand_generator.v:24]
INFO: [Synth 8-6155] done synthesizing module 'Instr_Decode' (17#1) [C:/Users/q1109/OneDrive/RISC_V/RISC_V.srcs/sources_1/new/Instr_Decode.v:24]
INFO: [Synth 8-6157] synthesizing module 'ins_val' [C:/Users/q1109/OneDrive/RISC_V/RISC_V.srcs/sources_1/new/ins_val.v:23]
INFO: [Synth 8-6155] done synthesizing module 'ins_val' (18#1) [C:/Users/q1109/OneDrive/RISC_V/RISC_V.srcs/sources_1/new/ins_val.v:23]
INFO: [Synth 8-6157] synthesizing module 'de_ex' [C:/Users/q1109/OneDrive/RISC_V/RISC_V.srcs/sources_1/new/de_ex.v:24]
INFO: [Synth 8-6155] done synthesizing module 'de_ex' (19#1) [C:/Users/q1109/OneDrive/RISC_V/RISC_V.srcs/sources_1/new/de_ex.v:24]
WARNING: [Synth 8-4446] all outputs are unconnected for this instance and logic may be removed [C:/Users/q1109/OneDrive/RISC_V/RISC_V.srcs/sources_1/new/Pipeline.v:234]
INFO: [Synth 8-6157] synthesizing module 'ila_0' [C:/Users/q1109/OneDrive/RISC_V/.Xil/Vivado-10416-LAPTOP-AEDG5TQK/realtime/ila_0_stub.v:6]
INFO: [Synth 8-6155] done synthesizing module 'ila_0' (20#1) [C:/Users/q1109/OneDrive/RISC_V/.Xil/Vivado-10416-LAPTOP-AEDG5TQK/realtime/ila_0_stub.v:6]
INFO: [Synth 8-6157] synthesizing module 'EX' [C:/Users/q1109/OneDrive/RISC_V/RISC_V.srcs/sources_1/new/EX.v:24]
INFO: [Synth 8-6157] synthesizing module 'ALU' [C:/Users/q1109/OneDrive/RISC_V/RISC_V.srcs/sources_1/new/ALU.v:24]
INFO: [Synth 8-6157] synthesizing module 'ADD32' [C:/Users/q1109/OneDrive/RISC_V/RISC_V.srcs/sources_1/new/ADD32.v:23]
INFO: [Synth 8-6157] synthesizing module 'ADD8' [C:/Users/q1109/OneDrive/RISC_V/RISC_V.srcs/sources_1/new/ADD8.v:22]
INFO: [Synth 8-6157] synthesizing module 'ADD1' [C:/Users/q1109/OneDrive/RISC_V/RISC_V.srcs/sources_1/new/ADD1.v:23]
INFO: [Synth 8-6155] done synthesizing module 'ADD1' (21#1) [C:/Users/q1109/OneDrive/RISC_V/RISC_V.srcs/sources_1/new/ADD1.v:23]
INFO: [Synth 8-6155] done synthesizing module 'ADD8' (22#1) [C:/Users/q1109/OneDrive/RISC_V/RISC_V.srcs/sources_1/new/ADD8.v:22]
WARNING: [Synth 8-689] width (1) of port connection 'cout' does not match port width (8) of module 'ADD8' [C:/Users/q1109/OneDrive/RISC_V/RISC_V.srcs/sources_1/new/ADD32.v:34]
WARNING: [Synth 8-689] width (1) of port connection 'cout' does not match port width (8) of module 'ADD8' [C:/Users/q1109/OneDrive/RISC_V/RISC_V.srcs/sources_1/new/ADD32.v:35]
WARNING: [Synth 8-689] width (1) of port connection 'cout' does not match port width (8) of module 'ADD8' [C:/Users/q1109/OneDrive/RISC_V/RISC_V.srcs/sources_1/new/ADD32.v:36]
WARNING: [Synth 8-689] width (1) of port connection 'cout' does not match port width (8) of module 'ADD8' [C:/Users/q1109/OneDrive/RISC_V/RISC_V.srcs/sources_1/new/ADD32.v:37]
INFO: [Synth 8-6155] done synthesizing module 'ADD32' (23#1) [C:/Users/q1109/OneDrive/RISC_V/RISC_V.srcs/sources_1/new/ADD32.v:23]
INFO: [Synth 8-6155] done synthesizing module 'ALU' (24#1) [C:/Users/q1109/OneDrive/RISC_V/RISC_V.srcs/sources_1/new/ALU.v:24]
INFO: [Synth 8-6157] synthesizing module 'shifter' [C:/Users/q1109/OneDrive/RISC_V/RISC_V.srcs/sources_1/new/shifter.v:24]
INFO: [Synth 8-155] case statement is not full and has no default [C:/Users/q1109/OneDrive/RISC_V/RISC_V.srcs/sources_1/new/shifter.v:33]
INFO: [Synth 8-6155] done synthesizing module 'shifter' (25#1) [C:/Users/q1109/OneDrive/RISC_V/RISC_V.srcs/sources_1/new/shifter.v:24]
INFO: [Synth 8-6155] done synthesizing module 'EX' (26#1) [C:/Users/q1109/OneDrive/RISC_V/RISC_V.srcs/sources_1/new/EX.v:24]
INFO: [Synth 8-6157] synthesizing module 'ctrl' [C:/Users/q1109/OneDrive/RISC_V/RISC_V.srcs/sources_1/new/ctrl.v:23]
INFO: [Synth 8-6155] done synthesizing module 'ctrl' (27#1) [C:/Users/q1109/OneDrive/RISC_V/RISC_V.srcs/sources_1/new/ctrl.v:23]
INFO: [Synth 8-6157] synthesizing module 'ex_mem' [C:/Users/q1109/OneDrive/RISC_V/RISC_V.srcs/sources_1/new/ex_mem.v:24]
INFO: [Synth 8-6155] done synthesizing module 'ex_mem' (28#1) [C:/Users/q1109/OneDrive/RISC_V/RISC_V.srcs/sources_1/new/ex_mem.v:24]
INFO: [Synth 8-6157] synthesizing module 'MEM' [C:/Users/q1109/OneDrive/RISC_V/RISC_V.srcs/sources_1/new/MEM.v:24]
INFO: [Synth 8-6157] synthesizing module 'RAM32' [C:/Users/q1109/OneDrive/RISC_V/.Xil/Vivado-10416-LAPTOP-AEDG5TQK/realtime/RAM32_stub.v:6]
INFO: [Synth 8-6155] done synthesizing module 'RAM32' (29#1) [C:/Users/q1109/OneDrive/RISC_V/.Xil/Vivado-10416-LAPTOP-AEDG5TQK/realtime/RAM32_stub.v:6]
INFO: [Synth 8-155] case statement is not full and has no default [C:/Users/q1109/OneDrive/RISC_V/RISC_V.srcs/sources_1/new/MEM.v:220]
INFO: [Synth 8-155] case statement is not full and has no default [C:/Users/q1109/OneDrive/RISC_V/RISC_V.srcs/sources_1/new/MEM.v:239]
INFO: [Synth 8-6155] done synthesizing module 'MEM' (30#1) [C:/Users/q1109/OneDrive/RISC_V/RISC_V.srcs/sources_1/new/MEM.v:24]
WARNING: [Synth 8-689] width (32) of port connection 'addr' does not match port width (16) of module 'MEM' [C:/Users/q1109/OneDrive/RISC_V/RISC_V.srcs/sources_1/new/Pipeline.v:345]
INFO: [Synth 8-6157] synthesizing module 'mem_wb' [C:/Users/q1109/OneDrive/RISC_V/RISC_V.srcs/sources_1/new/mem_wb.v:23]
INFO: [Synth 8-5534] Detected attribute (* DONT_TOUCH = "true" *) [C:/Users/q1109/OneDrive/RISC_V/RISC_V.srcs/sources_1/new/mem_wb.v:47]
INFO: [Synth 8-6155] done synthesizing module 'mem_wb' (31#1) [C:/Users/q1109/OneDrive/RISC_V/RISC_V.srcs/sources_1/new/mem_wb.v:23]
INFO: [Synth 8-6157] synthesizing module 'WB' [C:/Users/q1109/OneDrive/RISC_V/RISC_V.srcs/sources_1/new/WB.v:24]
INFO: [Synth 8-6155] done synthesizing module 'WB' (32#1) [C:/Users/q1109/OneDrive/RISC_V/RISC_V.srcs/sources_1/new/WB.v:24]
INFO: [Synth 8-6071] Mark debug on the nets applies keep_hierarchy on instance 'IF'. This will prevent further optimization [C:/Users/q1109/OneDrive/RISC_V/RISC_V.srcs/sources_1/new/Pipeline.v:74]
INFO: [Synth 8-6071] Mark debug on the nets applies keep_hierarchy on instance 'your_instance_name'. This will prevent further optimization [C:/Users/q1109/OneDrive/RISC_V/RISC_V.srcs/sources_1/new/Pipeline.v:234]
INFO: [Synth 8-6071] Mark debug on the nets applies keep_hierarchy on instance 'fd'. This will prevent further optimization [C:/Users/q1109/OneDrive/RISC_V/RISC_V.srcs/sources_1/new/Pipeline.v:81]
INFO: [Synth 8-6071] Mark debug on the nets applies keep_hierarchy on instance 'mw'. This will prevent further optimization [C:/Users/q1109/OneDrive/RISC_V/RISC_V.srcs/sources_1/new/Pipeline.v:355]
INFO: [Synth 8-6071] Mark debug on the nets applies keep_hierarchy on instance 'MEM0'. This will prevent further optimization [C:/Users/q1109/OneDrive/RISC_V/RISC_V.srcs/sources_1/new/Pipeline.v:342]
INFO: [Synth 8-6071] Mark debug on the nets applies keep_hierarchy on instance 'em'. This will prevent further optimization [C:/Users/q1109/OneDrive/RISC_V/RISC_V.srcs/sources_1/new/Pipeline.v:300]
INFO: [Synth 8-6071] Mark debug on the nets applies keep_hierarchy on instance 'ctrl0'. This will prevent further optimization [C:/Users/q1109/OneDrive/RISC_V/RISC_V.srcs/sources_1/new/Pipeline.v:294]
INFO: [Synth 8-6071] Mark debug on the nets applies keep_hierarchy on instance 'de'. This will prevent further optimization [C:/Users/q1109/OneDrive/RISC_V/RISC_V.srcs/sources_1/new/Pipeline.v:216]
INFO: [Synth 8-6071] Mark debug on the nets applies keep_hierarchy on instance 'iv'. This will prevent further optimization [C:/Users/q1109/OneDrive/RISC_V/RISC_V.srcs/sources_1/new/Pipeline.v:211]
INFO: [Synth 8-6071] Mark debug on the nets applies keep_hierarchy on instance 'ID'. This will prevent further optimization [C:/Users/q1109/OneDrive/RISC_V/RISC_V.srcs/sources_1/new/Pipeline.v:187]
INFO: [Synth 8-6155] done synthesizing module 'Pipeline' (33#1) [C:/Users/q1109/OneDrive/RISC_V/RISC_V.srcs/sources_1/new/Pipeline.v:24]
INFO: [Synth 8-6155] done synthesizing module 'CPU' (34#1) [C:/Users/q1109/OneDrive/RISC_V/RISC_V.srcs/sources_1/new/CPU.v:23]
WARNING: [Synth 8-3331] design EX has unconnected port reset
WARNING: [Synth 8-3331] design EX has unconnected port i_operand_3[31]
WARNING: [Synth 8-3331] design EX has unconnected port i_operand_3[30]
WARNING: [Synth 8-3331] design EX has unconnected port i_operand_3[29]
WARNING: [Synth 8-3331] design EX has unconnected port i_operand_3[28]
WARNING: [Synth 8-3331] design EX has unconnected port i_operand_3[27]
WARNING: [Synth 8-3331] design EX has unconnected port i_operand_3[26]
WARNING: [Synth 8-3331] design EX has unconnected port i_operand_3[25]
WARNING: [Synth 8-3331] design EX has unconnected port i_operand_3[24]
WARNING: [Synth 8-3331] design EX has unconnected port i_operand_3[23]
WARNING: [Synth 8-3331] design EX has unconnected port i_operand_3[22]
WARNING: [Synth 8-3331] design EX has unconnected port i_operand_3[21]
WARNING: [Synth 8-3331] design EX has unconnected port i_operand_3[20]
WARNING: [Synth 8-3331] design EX has unconnected port i_operand_3[19]
WARNING: [Synth 8-3331] design EX has unconnected port i_operand_3[18]
WARNING: [Synth 8-3331] design EX has unconnected port i_operand_3[17]
WARNING: [Synth 8-3331] design EX has unconnected port i_operand_3[16]
WARNING: [Synth 8-3331] design EX has unconnected port i_operand_3[15]
WARNING: [Synth 8-3331] design EX has unconnected port i_operand_3[14]
WARNING: [Synth 8-3331] design EX has unconnected port i_operand_3[13]
WARNING: [Synth 8-3331] design EX has unconnected port i_operand_3[12]
WARNING: [Synth 8-3331] design EX has unconnected port i_operand_3[11]
WARNING: [Synth 8-3331] design EX has unconnected port i_operand_3[10]
WARNING: [Synth 8-3331] design EX has unconnected port i_operand_3[9]
WARNING: [Synth 8-3331] design EX has unconnected port i_operand_3[8]
WARNING: [Synth 8-3331] design EX has unconnected port i_operand_3[7]
WARNING: [Synth 8-3331] design EX has unconnected port i_operand_3[6]
WARNING: [Synth 8-3331] design EX has unconnected port i_operand_3[5]
WARNING: [Synth 8-3331] design EX has unconnected port i_operand_3[4]
WARNING: [Synth 8-3331] design EX has unconnected port i_operand_3[3]
WARNING: [Synth 8-3331] design EX has unconnected port i_operand_3[2]
WARNING: [Synth 8-3331] design EX has unconnected port i_operand_3[1]
WARNING: [Synth 8-3331] design EX has unconnected port i_operand_3[0]
WARNING: [Synth 8-3331] design register has unconnected port csr_write_addr[11]
WARNING: [Synth 8-3331] design register has unconnected port csr_write_addr[10]
WARNING: [Synth 8-3331] design register has unconnected port csr_write_addr[9]
WARNING: [Synth 8-3331] design register has unconnected port csr_write_addr[8]
WARNING: [Synth 8-3331] design register has unconnected port csr_write_addr[7]
WARNING: [Synth 8-3331] design register has unconnected port csr_write_addr[6]
WARNING: [Synth 8-3331] design register has unconnected port csr_write_addr[5]
WARNING: [Synth 8-3331] design register has unconnected port csr_write_addr[4]
WARNING: [Synth 8-3331] design register has unconnected port csr_write_addr[3]
WARNING: [Synth 8-3331] design Instr_Decode has unconnected port i_ex_push_csr_addr[11]
WARNING: [Synth 8-3331] design Instr_Decode has unconnected port i_ex_push_csr_addr[10]
WARNING: [Synth 8-3331] design Instr_Decode has unconnected port i_ex_push_csr_addr[9]
WARNING: [Synth 8-3331] design Instr_Decode has unconnected port i_ex_push_csr_addr[8]
WARNING: [Synth 8-3331] design Instr_Decode has unconnected port i_ex_push_csr_addr[7]
WARNING: [Synth 8-3331] design Instr_Decode has unconnected port i_ex_push_csr_addr[6]
WARNING: [Synth 8-3331] design Instr_Decode has unconnected port i_ex_push_csr_addr[5]
WARNING: [Synth 8-3331] design Instr_Decode has unconnected port i_mem_push_csr_addr[11]
WARNING: [Synth 8-3331] design Instr_Decode has unconnected port i_mem_push_csr_addr[10]
WARNING: [Synth 8-3331] design Instr_Decode has unconnected port i_mem_push_csr_addr[9]
WARNING: [Synth 8-3331] design Instr_Decode has unconnected port i_mem_push_csr_addr[8]
WARNING: [Synth 8-3331] design Instr_Decode has unconnected port i_mem_push_csr_addr[7]
WARNING: [Synth 8-3331] design Instr_Decode has unconnected port i_mem_push_csr_addr[6]
WARNING: [Synth 8-3331] design Instr_Decode has unconnected port i_mem_push_csr_addr[5]
WARNING: [Synth 8-3331] design Instr_Decode has unconnected port i_wb_push_csr_addr[11]
WARNING: [Synth 8-3331] design Instr_Decode has unconnected port i_wb_push_csr_addr[10]
WARNING: [Synth 8-3331] design Instr_Decode has unconnected port i_wb_push_csr_addr[9]
WARNING: [Synth 8-3331] design Instr_Decode has unconnected port i_wb_push_csr_addr[8]
WARNING: [Synth 8-3331] design Instr_Decode has unconnected port i_wb_push_csr_addr[7]
WARNING: [Synth 8-3331] design Instr_Decode has unconnected port i_wb_push_csr_addr[6]
WARNING: [Synth 8-3331] design Instr_Decode has unconnected port i_wb_push_csr_addr[5]
WARNING: [Synth 8-3331] design BTB has unconnected port pc[19]
WARNING: [Synth 8-3331] design BTB has unconnected port pc[18]
WARNING: [Synth 8-3331] design BTB has unconnected port pc[17]
WARNING: [Synth 8-3331] design BTB has unconnected port pc[16]
WARNING: [Synth 8-3331] design BTB has unconnected port pc[15]
WARNING: [Synth 8-3331] design BTB has unconnected port pc[14]
WARNING: [Synth 8-3331] design BTB has unconnected port pc[13]
WARNING: [Synth 8-3331] design BTB has unconnected port pc[12]
WARNING: [Synth 8-3331] design BTB has unconnected port pc[11]
WARNING: [Synth 8-3331] design BTB has unconnected port pc[10]
WARNING: [Synth 8-3331] design BTB has unconnected port pc[9]
WARNING: [Synth 8-3331] design BTB has unconnected port pc[8]
WARNING: [Synth 8-3331] design BTB has unconnected port pc[7]
WARNING: [Synth 8-3331] design BTB has unconnected port pc[6]
WARNING: [Synth 8-3331] design BTB has unconnected port pc[5]
WARNING: [Synth 8-3331] design BTB has unconnected port pc[1]
WARNING: [Synth 8-3331] design BTB has unconnected port pc[0]
WARNING: [Synth 8-3331] design BTB has unconnected port pre_pc[19]
WARNING: [Synth 8-3331] design BTB has unconnected port pre_pc[18]
WARNING: [Synth 8-3331] design BTB has unconnected port pre_pc[17]
WARNING: [Synth 8-3331] design BTB has unconnected port pre_pc[16]
WARNING: [Synth 8-3331] design BTB has unconnected port pre_pc[15]
WARNING: [Synth 8-3331] design BTB has unconnected port pre_pc[14]
WARNING: [Synth 8-3331] design BTB has unconnected port pre_pc[13]
WARNING: [Synth 8-3331] design BTB has unconnected port pre_pc[12]
WARNING: [Synth 8-3331] design BTB has unconnected port pre_pc[11]
WARNING: [Synth 8-3331] design BTB has unconnected port pre_pc[10]
WARNING: [Synth 8-3331] design BTB has unconnected port pre_pc[9]
WARNING: [Synth 8-3331] design BTB has unconnected port pre_pc[8]
WARNING: [Synth 8-3331] design BTB has unconnected port pre_pc[7]
WARNING: [Synth 8-3331] design BTB has unconnected port pre_pc[6]
WARNING: [Synth 8-3331] design BTB has unconnected port pre_pc[5]
WARNING: [Synth 8-3331] design BTB has unconnected port pre_pc[1]
WARNING: [Synth 8-3331] design BTB has unconnected port pre_pc[0]
WARNING: [Synth 8-3331] design BTB has unconnected port jum_ins_en
WARNING: [Synth 8-3331] design PHT has unconnected port pc[19]
WARNING: [Synth 8-3331] design PHT has unconnected port pc[18]
INFO: [Common 17-14] Message 'Synth 8-3331' appears 100 times and further instances of the messages will be disabled. Use the Tcl command set_msg_config to change the current settings.
---------------------------------------------------------------------------------
Finished RTL Elaboration : Time (s): cpu = 00:00:08 ; elapsed = 00:00:10 . Memory (MB): peak = 1533.805 ; gain = 285.500
---------------------------------------------------------------------------------

Report Check Netlist: 
+------+------------------+-------+---------+-------+------------------+
|      |Item              |Errors |Warnings |Status |Description       |
+------+------------------+-------+---------+-------+------------------+
|1     |multi_driven_nets |      0|        0|Passed |Multi driven nets |
+------+------------------+-------+---------+-------+------------------+
---------------------------------------------------------------------------------
Start Handling Custom Attributes
---------------------------------------------------------------------------------
---------------------------------------------------------------------------------
Finished Handling Custom Attributes : Time (s): cpu = 00:00:09 ; elapsed = 00:00:11 . Memory (MB): peak = 1533.805 ; gain = 285.500
---------------------------------------------------------------------------------
---------------------------------------------------------------------------------
Finished RTL Optimization Phase 1 : Time (s): cpu = 00:00:09 ; elapsed = 00:00:11 . Memory (MB): peak = 1533.805 ; gain = 285.500
---------------------------------------------------------------------------------
INFO: [Project 1-454] Reading design checkpoint 'c:/Users/q1109/OneDrive/RISC_V/RISC_V.srcs/sources_1/ip/myip_0/myip_0.dcp' for cell 'IO_md/slave/axi0'
INFO: [Project 1-454] Reading design checkpoint 'c:/Users/q1109/OneDrive/RISC_V/RISC_V.srcs/sources_1/ip/ila_0/ila_0.dcp' for cell 'Pipeline_md/your_instance_name'
INFO: [Project 1-454] Reading design checkpoint 'c:/Users/q1109/OneDrive/RISC_V/RISC_V.srcs/sources_1/ip/ROM_8/ROM_8.dcp' for cell 'Pipeline_md/IF/ROM0/rom'
INFO: [Project 1-454] Reading design checkpoint 'c:/Users/q1109/OneDrive/RISC_V/RISC_V.srcs/sources_1/ip/RAM32/RAM32.dcp' for cell 'Pipeline_md/MEM0/RAM320'
Netlist sorting complete. Time (s): cpu = 00:00:00 ; elapsed = 00:00:00.227 . Memory (MB): peak = 1533.805 ; gain = 0.000
INFO: [Netlist 29-17] Analyzing 133 Unisim elements for replacement
INFO: [Netlist 29-28] Unisim Transformation completed in 0 CPU seconds
INFO: [Project 1-479] Netlist was created with Vivado 2019.2
INFO: [Project 1-570] Preparing netlist for logic optimization
INFO: [Opt 31-140] Inserted 9 IBUFs to IO ports without IO buffers.
INFO: [Opt 31-141] Inserted 33 OBUFs to IO ports without IO buffers.

Processing XDC Constraints
Initializing timing engine
Parsing XDC File [c:/Users/q1109/OneDrive/RISC_V/RISC_V.srcs/sources_1/ip/ila_0/ila_v6_2/constraints/ila.xdc] for cell 'Pipeline_md/your_instance_name/inst'
Finished Parsing XDC File [c:/Users/q1109/OneDrive/RISC_V/RISC_V.srcs/sources_1/ip/ila_0/ila_v6_2/constraints/ila.xdc] for cell 'Pipeline_md/your_instance_name/inst'
Parsing XDC File [C:/Users/q1109/OneDrive/RISC_V/RISC_V.srcs/constrs_2/new/ys.xdc]
Finished Parsing XDC File [C:/Users/q1109/OneDrive/RISC_V/RISC_V.srcs/constrs_2/new/ys.xdc]
INFO: [Project 1-236] Implementation specific constraints were found while reading constraint file [C:/Users/q1109/OneDrive/RISC_V/RISC_V.srcs/constrs_2/new/ys.xdc]. These constraints will be ignored for synthesis but will be used in implementation. Impacted constraints are listed in the file [.Xil/CPU_propImpl.xdc].
Resolution: To avoid this warning, move constraints listed in [.Xil/CPU_propImpl.xdc] to another XDC file and exclude this new file from synthesis with the used_in_synthesis property (File Properties dialog in GUI) and re-run elaboration/synthesis.
Completed Processing XDC Constraints

INFO: [Opt 31-138] Pushed 0 inverter(s) to 0 load pin(s).
Netlist sorting complete. Time (s): cpu = 00:00:00 ; elapsed = 00:00:00.006 . Memory (MB): peak = 1710.332 ; gain = 0.000
INFO: [Project 1-111] Unisim Transformation Summary:
  A total of 80 instances were transformed.
  CFGLUT5 => CFGLUT5 (SRL16E, SRLC32E): 80 instances

RTL Elaboration Complete:  : Time (s): cpu = 00:00:30 ; elapsed = 00:00:26 . Memory (MB): peak = 1715.414 ; gain = 467.109
151 Infos, 130 Warnings, 0 Critical Warnings and 0 Errors encountered.
synth_design completed successfully
synth_design: Time (s): cpu = 00:00:36 ; elapsed = 00:00:35 . Memory (MB): peak = 1715.414 ; gain = 730.434
exit
INFO: [Common 17-206] Exiting Vivado at Tue May  5 17:28:03 2020...
