Vivado Simulator 2019.2
Copyright 1986-1999, 2001-2019 Xilinx, Inc. All Rights Reserved.
Running: C:/Xilinx/Vivado/2019.2/bin/unwrapped/win64.o/xelab.exe -wto 06da8b95d90b43f49b8005c753820d43 --incr --debug typical --relax --mt 2 --maxdelay -L xil_defaultlib -L simprims_ver -L secureip --snapshot testbench_time_impl -transport_int_delays -pulse_r 0 -pulse_int_r 0 -pulse_e 0 -pulse_int_e 0 xil_defaultlib.testbench xil_defaultlib.glbl -log elaborate.log 
Using 2 slave threads.
Starting static elaboration
Pass Through NonSizing Optimizer
WARNING: [VRFC 10-3091] actual bit length 32 differs from formal bit length 4 for port 'din' [C:/Users/q1109/OneDrive/RISC_V/RISC_V.srcs/sim_1/new/testbench.v:45]
Completed static elaboration
Starting simulation data flow analysis
Completed simulation data flow analysis
INFO: [XSIM 43-3451] SDF backannotation process started with SDF file "testbench_time_impl.sdf", for root module "testbench/C0".
INFO: [XSIM 43-3452] SDF backannotation was successful for SDF file "testbench_time_impl.sdf", for root module "testbench/C0".
Time Resolution for simulation is 1ps
Compiling module simprims_ver.LUT6
Compiling module simprims_ver.FDSE_default
Compiling module simprims_ver.LUT4
Compiling module simprims_ver.FDRE_default
Compiling module simprims_ver.x_lut1_mux2
Compiling module simprims_ver.LUT1
Compiling module simprims_ver.x_lut3_mux8
Compiling module simprims_ver.LUT3
Compiling module xil_defaultlib.myip_0_myip_v1_0_S00_AXI
Compiling module xil_defaultlib.myip_0_myip_v1_0
Compiling module xil_defaultlib.myip_0
Compiling module xil_defaultlib.AXI
Compiling module xil_defaultlib.IO
Compiling module simprims_ver.latchsre_ldce
Compiling module simprims_ver.LDCE
Compiling module simprims_ver.x_lut2_mux4
Compiling module simprims_ver.LUT2
Compiling module simprims_ver.LUT5
Compiling module simprims_ver.MUXF7
Compiling module xil_defaultlib.ALU
Compiling module xil_defaultlib.shifter
Compiling module xil_defaultlib.EX
Compiling module simprims_ver.CARRY4
Compiling module simprims_ver.BUFG
Compiling module simprims_ver.FDCE_default
Compiling module simprims_ver.FDPE_default
Compiling module simprims_ver.MUXF8
Compiling module xil_defaultlib.register
Compiling module xil_defaultlib.Instr_Decode
Compiling module xil_defaultlib.BTB
Compiling module xil_defaultlib.PC
Compiling module xil_defaultlib.PHT
Compiling module simprims_ver.GND
Compiling module xil_defaultlib.ROM_8__rom
Compiling module xil_defaultlib.ROM_8__dist_mem_gen_v8_0_13_synt...
Compiling module xil_defaultlib.ROM_8__dist_mem_gen_v8_0_13
Compiling module xil_defaultlib.ROM_8
Compiling module xil_defaultlib.ROM
Compiling module xil_defaultlib.adder4
Compiling module xil_defaultlib.Instr_Fetch
Compiling module xil_defaultlib.RAM32__bindec
Compiling module xil_defaultlib.RAM32__blk_mem_gen_mux
Compiling module simprims_ver.RB18_INTERNAL_VLOG(RDADDR_COLLIS...
Compiling module simprims_ver.RAMB18E1(INIT_00=256'b0101010101...
Compiling module xil_defaultlib.RAM32__blk_mem_gen_prim_wrapper_...
Compiling module xil_defaultlib.RAM32__blk_mem_gen_prim_width
Compiling module simprims_ver.RB36_INTERNAL_VLOG(RDADDR_COLLIS...
Compiling module simprims_ver.RAMB36E1(RDADDR_COLLISION_HWCONF...
Compiling module xil_defaultlib.RAM32__blk_mem_gen_prim_wrapper_...
Compiling module xil_defaultlib.RAM32__blk_mem_gen_prim_width__p...
Compiling module xil_defaultlib.RAM32__blk_mem_gen_prim_wrapper_...
Compiling module xil_defaultlib.RAM32__blk_mem_gen_prim_width__p...
Compiling module xil_defaultlib.RAM32__blk_mem_gen_prim_wrapper_...
Compiling module xil_defaultlib.RAM32__blk_mem_gen_prim_width__p...
Compiling module xil_defaultlib.RAM32__blk_mem_gen_prim_wrapper_...
Compiling module xil_defaultlib.RAM32__blk_mem_gen_prim_width__p...
Compiling module xil_defaultlib.RAM32__blk_mem_gen_prim_wrapper_...
Compiling module xil_defaultlib.RAM32__blk_mem_gen_prim_width__p...
Compiling module simprims_ver.RB36_INTERNAL_VLOG(RDADDR_COLLIS...
Compiling module simprims_ver.RAMB36E1(INIT_00=256'b0111110100...
Compiling module xil_defaultlib.RAM32__blk_mem_gen_prim_wrapper_...
Compiling module xil_defaultlib.RAM32__blk_mem_gen_prim_width__p...
Compiling module simprims_ver.RB36_INTERNAL_VLOG(RDADDR_COLLIS...
Compiling module simprims_ver.RAMB36E1(INIT_00=256'b0111111111...
Compiling module xil_defaultlib.RAM32__blk_mem_gen_prim_wrapper_...
Compiling module xil_defaultlib.RAM32__blk_mem_gen_prim_width__p...
Compiling module simprims_ver.RB36_INTERNAL_VLOG(RDADDR_COLLIS...
Compiling module simprims_ver.RAMB36E1(INIT_01=256'b0100000001...
Compiling module xil_defaultlib.RAM32__blk_mem_gen_prim_wrapper_...
Compiling module xil_defaultlib.RAM32__blk_mem_gen_prim_width__p...
Compiling module xil_defaultlib.RAM32__blk_mem_gen_prim_wrapper_...
Compiling module xil_defaultlib.RAM32__blk_mem_gen_prim_width__p...
Compiling module xil_defaultlib.RAM32__blk_mem_gen_prim_wrapper_...
Compiling module xil_defaultlib.RAM32__blk_mem_gen_prim_width__p...
Compiling module xil_defaultlib.RAM32__blk_mem_gen_prim_wrapper_...
Compiling module xil_defaultlib.RAM32__blk_mem_gen_prim_width__p...
Compiling module xil_defaultlib.RAM32__blk_mem_gen_prim_wrapper_...
Compiling module xil_defaultlib.RAM32__blk_mem_gen_prim_width__p...
Compiling module xil_defaultlib.RAM32__blk_mem_gen_prim_wrapper_...
Compiling module xil_defaultlib.RAM32__blk_mem_gen_prim_width__p...
Compiling module xil_defaultlib.RAM32__blk_mem_gen_prim_wrapper_...
Compiling module xil_defaultlib.RAM32__blk_mem_gen_prim_width__p...
Compiling module xil_defaultlib.RAM32__blk_mem_gen_generic_cstr
Compiling module xil_defaultlib.RAM32__blk_mem_gen_top
Compiling module xil_defaultlib.RAM32__blk_mem_gen_v8_4_4_synth
Compiling module xil_defaultlib.RAM32__blk_mem_gen_v8_4_4
Compiling module xil_defaultlib.RAM32
Compiling module xil_defaultlib.MEM
Compiling module xil_defaultlib.WB
Compiling module xil_defaultlib.ctrl
Compiling module xil_defaultlib.de_ex
Compiling module xil_defaultlib.ex_mem
Compiling module xil_defaultlib.fet_dec
Compiling module xil_defaultlib.ins_val
Compiling module xil_defaultlib.mem_wb
Compiling module simprims_ver.FDRE(XON="FALSE")
Compiling module simprims_ver.RB18_INTERNAL_VLOG(DOA_REG=1,DOB...
Compiling module simprims_ver.RAMB18E1(DOA_REG=1,DOB_REG=1,REA...
Compiling module xil_defaultlib.ila_0_blk_mem_gen_v8_4_4_blk_mem...
Compiling module xil_defaultlib.ila_0_blk_mem_gen_v8_4_4_blk_mem...
Compiling module simprims_ver.RB36_INTERNAL_VLOG(DOA_REG=1,DOB...
Compiling module simprims_ver.RAMB36E1(DOA_REG=1,DOB_REG=1,REA...
Compiling module xil_defaultlib.ila_0_blk_mem_gen_v8_4_4_blk_mem...
Compiling module xil_defaultlib.ila_0_blk_mem_gen_v8_4_4_blk_mem...
Compiling module xil_defaultlib.ila_0_blk_mem_gen_v8_4_4_blk_mem...
Compiling module xil_defaultlib.ila_0_blk_mem_gen_v8_4_4_blk_mem...
Compiling module xil_defaultlib.ila_0_blk_mem_gen_v8_4_4_blk_mem...
Compiling module xil_defaultlib.ila_0_blk_mem_gen_v8_4_4_blk_mem...
Compiling module xil_defaultlib.ila_0_blk_mem_gen_v8_4_4_blk_mem...
Compiling module xil_defaultlib.ila_0_blk_mem_gen_v8_4_4_blk_mem...
Compiling module xil_defaultlib.ila_0_blk_mem_gen_v8_4_4_blk_mem...
Compiling module xil_defaultlib.ila_0_blk_mem_gen_v8_4_4_blk_mem...
Compiling module xil_defaultlib.ila_0_blk_mem_gen_v8_4_4_blk_mem...
Compiling module xil_defaultlib.ila_0_blk_mem_gen_v8_4_4_blk_mem...
Compiling module xil_defaultlib.ila_0_blk_mem_gen_v8_4_4_synth
Compiling module xil_defaultlib.ila_0_blk_mem_gen_v8_4_4
Compiling module xil_defaultlib.ila_0_ila_v6_2_10_ila_trace_memo...
Compiling module simprims_ver.SRL16E_default
Compiling module simprims_ver.SRLC32E_default
Compiling module xil_defaultlib.ila_0_ltlib_v1_0_0_cfglut6__para...
Compiling module xil_defaultlib.ila_0_ltlib_v1_0_0_cfglut7
Compiling module xil_defaultlib.ila_0_ltlib_v1_0_0_cfglut7_38
Compiling module xil_defaultlib.ila_0_ltlib_v1_0_0_cfglut6
Compiling module simprims_ver.SRLC16E_default
Compiling module xil_defaultlib.ila_0_ltlib_v1_0_0_cfglut4_45
Compiling module xil_defaultlib.ila_0_ltlib_v1_0_0_cfglut5_46
Compiling module xil_defaultlib.ila_0_ltlib_v1_0_0_cfglut6_47
Compiling module xil_defaultlib.CFGLUT5_UNIQ_BASE_
Compiling module xil_defaultlib.CFGLUT5_HD1
Compiling module xil_defaultlib.CFGLUT5_HD2
Compiling module xil_defaultlib.CFGLUT5_HD3
Compiling module xil_defaultlib.ila_0_ltlib_v1_0_0_all_typeA_sli...
Compiling module xil_defaultlib.CFGLUT5_HD4
Compiling module xil_defaultlib.CFGLUT5_HD5
Compiling module xil_defaultlib.CFGLUT5_HD6
Compiling module xil_defaultlib.CFGLUT5_HD7
Compiling module xil_defaultlib.ila_0_ltlib_v1_0_0_all_typeA_sli...
Compiling module xil_defaultlib.ila_0_ltlib_v1_0_0_all_typeA__pa...
Compiling module xil_defaultlib.ila_0_ltlib_v1_0_0_allx_typeA_no...
Compiling module xil_defaultlib.ila_0_ltlib_v1_0_0_match_nodelay...
Compiling module xil_defaultlib.ila_0_ila_v6_2_10_ila_cap_sample...
Compiling module xil_defaultlib.ila_0_ltlib_v1_0_0_cfglut4
Compiling module xil_defaultlib.ila_0_ltlib_v1_0_0_cfglut5
Compiling module xil_defaultlib.ila_0_ltlib_v1_0_0_cfglut5_39
Compiling module xil_defaultlib.CFGLUT5_HD8
Compiling module xil_defaultlib.CFGLUT5_HD9
Compiling module xil_defaultlib.CFGLUT5_HD10
Compiling module xil_defaultlib.CFGLUT5_HD11
Compiling module xil_defaultlib.ila_0_ltlib_v1_0_0_all_typeA_sli...
Compiling module xil_defaultlib.CFGLUT5_HD12
Compiling module xil_defaultlib.CFGLUT5_HD13
Compiling module xil_defaultlib.CFGLUT5_HD14
Compiling module xil_defaultlib.CFGLUT5_HD15
Compiling module xil_defaultlib.ila_0_ltlib_v1_0_0_all_typeA_sli...
Compiling module xil_defaultlib.ila_0_ltlib_v1_0_0_all_typeA__pa...
Compiling module xil_defaultlib.ila_0_ltlib_v1_0_0_allx_typeA_no...
Compiling module xil_defaultlib.ila_0_ltlib_v1_0_0_match_nodelay
Compiling module xil_defaultlib.CFGLUT5_HD16
Compiling module xil_defaultlib.CFGLUT5_HD17
Compiling module xil_defaultlib.CFGLUT5_HD18
Compiling module xil_defaultlib.CFGLUT5_HD19
Compiling module xil_defaultlib.ila_0_ltlib_v1_0_0_all_typeA_sli...
Compiling module xil_defaultlib.CFGLUT5_HD20
Compiling module xil_defaultlib.CFGLUT5_HD21
Compiling module xil_defaultlib.CFGLUT5_HD22
Compiling module xil_defaultlib.CFGLUT5_HD23
Compiling module xil_defaultlib.ila_0_ltlib_v1_0_0_all_typeA_sli...
Compiling module xil_defaultlib.ila_0_ltlib_v1_0_0_all_typeA__pa...
Compiling module xil_defaultlib.ila_0_ltlib_v1_0_0_allx_typeA_no...
Compiling module xil_defaultlib.ila_0_ltlib_v1_0_0_match_nodelay...
Compiling module xil_defaultlib.ila_0_ila_v6_2_10_ila_cap_window...
Compiling module xil_defaultlib.ila_0_ila_v6_2_10_ila_cap_addrge...
Compiling module xil_defaultlib.ila_0_ila_v6_2_10_ila_cap_ctrl_l...
Compiling module xil_defaultlib.ila_0_xsdbs_v1_0_2_reg_p2s
Compiling module xil_defaultlib.ila_0_xsdbs_v1_0_2_reg_p2s__para...
Compiling module xil_defaultlib.ila_0_xsdbs_v1_0_2_reg_p2s__para...
Compiling module xil_defaultlib.ila_0_xsdbs_v1_0_2_reg_p2s__para...
Compiling module xil_defaultlib.ila_0_xsdbs_v1_0_2_reg_p2s__para...
Compiling module xil_defaultlib.ila_0_xsdbs_v1_0_2_reg_p2s__para...
Compiling module simprims_ver.FDRE(INIT=1'b1)
Compiling module xil_defaultlib.ila_0_xsdbs_v1_0_2_xsdbs
Compiling module xil_defaultlib.ila_0_xsdbs_v1_0_2_reg_ctl_36
Compiling module xil_defaultlib.ila_0_xsdbs_v1_0_2_reg__paramete...
Compiling module xil_defaultlib.ila_0_xsdbs_v1_0_2_reg_ctl_35
Compiling module xil_defaultlib.ila_0_xsdbs_v1_0_2_reg__paramete...
Compiling module xil_defaultlib.ila_0_xsdbs_v1_0_2_reg_ctl_34
Compiling module xil_defaultlib.ila_0_xsdbs_v1_0_2_reg__paramete...
Compiling module xil_defaultlib.ila_0_xsdbs_v1_0_2_reg_ctl_33
Compiling module xil_defaultlib.ila_0_xsdbs_v1_0_2_reg__paramete...
Compiling module xil_defaultlib.ila_0_xsdbs_v1_0_2_reg_ctl_32
Compiling module xil_defaultlib.ila_0_xsdbs_v1_0_2_reg__paramete...
Compiling module xil_defaultlib.ila_0_xsdbs_v1_0_2_reg_ctl__para...
Compiling module xil_defaultlib.ila_0_xsdbs_v1_0_2_reg__paramete...
Compiling module xil_defaultlib.ila_0_xsdbs_v1_0_2_reg_ctl_30
Compiling module xil_defaultlib.ila_0_xsdbs_v1_0_2_reg__paramete...
Compiling module xil_defaultlib.ila_0_xsdbs_v1_0_2_reg_ctl__para...
Compiling module xil_defaultlib.ila_0_xsdbs_v1_0_2_reg__paramete...
Compiling module xil_defaultlib.ila_0_xsdbs_v1_0_2_reg_stat_29
Compiling module xil_defaultlib.ila_0_xsdbs_v1_0_2_reg__paramete...
Compiling module xil_defaultlib.ila_0_xsdbs_v1_0_2_reg_ctl__para...
Compiling module xil_defaultlib.ila_0_xsdbs_v1_0_2_reg__paramete...
Compiling module xil_defaultlib.ila_0_xsdbs_v1_0_2_reg_ctl_27
Compiling module xil_defaultlib.ila_0_xsdbs_v1_0_2_reg__paramete...
Compiling module xil_defaultlib.ila_0_xsdbs_v1_0_2_reg_ctl__para...
Compiling module xil_defaultlib.ila_0_xsdbs_v1_0_2_reg__paramete...
Compiling module xil_defaultlib.ila_0_xsdbs_v1_0_2_reg_ctl_26
Compiling module xil_defaultlib.ila_0_xsdbs_v1_0_2_reg__paramete...
Compiling module xil_defaultlib.ila_0_xsdbs_v1_0_2_reg_ctl_25
Compiling module xil_defaultlib.ila_0_xsdbs_v1_0_2_reg__paramete...
Compiling module xil_defaultlib.ila_0_xsdbs_v1_0_2_reg_ctl_24
Compiling module xil_defaultlib.ila_0_xsdbs_v1_0_2_reg__paramete...
Compiling module xil_defaultlib.ila_0_xsdbs_v1_0_2_reg_stat_23
Compiling module xil_defaultlib.ila_0_xsdbs_v1_0_2_reg__paramete...
Compiling module xil_defaultlib.ila_0_xsdbs_v1_0_2_reg_stat_22
Compiling module xil_defaultlib.ila_0_xsdbs_v1_0_2_reg__paramete...
Compiling module xil_defaultlib.ila_0_xsdbs_v1_0_2_reg_stat_37
Compiling module xil_defaultlib.ila_0_xsdbs_v1_0_2_reg__paramete...
Compiling module xil_defaultlib.ila_0_xsdbs_v1_0_2_reg_stat_21
Compiling module xil_defaultlib.ila_0_xsdbs_v1_0_2_reg__paramete...
Compiling module xil_defaultlib.ila_0_xsdbs_v1_0_2_reg_p2s__para...
Compiling module xil_defaultlib.ila_0_xsdbs_v1_0_2_reg_ctl
Compiling module xil_defaultlib.ila_0_xsdbs_v1_0_2_reg_stream
Compiling module xil_defaultlib.ila_0_xsdbs_v1_0_2_reg_stat
Compiling module xil_defaultlib.ila_0_xsdbs_v1_0_2_reg_stream__p...
Compiling module xil_defaultlib.ila_0_ila_v6_2_10_ila_register
Compiling module xil_defaultlib.ila_0_ltlib_v1_0_0_rising_edge_d...
Compiling module xil_defaultlib.ila_0_ltlib_v1_0_0_async_edge_xf...
Compiling module xil_defaultlib.ila_0_ltlib_v1_0_0_async_edge_xf...
Compiling module xil_defaultlib.ila_0_ltlib_v1_0_0_async_edge_xf...
Compiling module xil_defaultlib.ila_0_ltlib_v1_0_0_async_edge_xf...
Compiling module xil_defaultlib.ila_0_ltlib_v1_0_0_rising_edge_d...
Compiling module xil_defaultlib.ila_0_ila_v6_2_10_ila_reset_ctrl
Compiling module xil_defaultlib.CFGLUT5_HD24
Compiling module xil_defaultlib.CFGLUT5_HD25
Compiling module xil_defaultlib.CFGLUT5_HD26
Compiling module xil_defaultlib.CFGLUT5_HD27
Compiling module xil_defaultlib.ila_0_ltlib_v1_0_0_all_typeA_sli...
Compiling module xil_defaultlib.ila_0_ltlib_v1_0_0_all_typeA_15
Compiling module xil_defaultlib.ila_0_ltlib_v1_0_0_allx_typeA
Compiling module xil_defaultlib.ila_0_ltlib_v1_0_0_match
Compiling module xil_defaultlib.CFGLUT5_HD28
Compiling module xil_defaultlib.CFGLUT5_HD29
Compiling module xil_defaultlib.CFGLUT5_HD30
Compiling module xil_defaultlib.CFGLUT5_HD31
Compiling module xil_defaultlib.ila_0_ltlib_v1_0_0_all_typeA_sli...
Compiling module xil_defaultlib.CFGLUT5_HD32
Compiling module xil_defaultlib.CFGLUT5_HD33
Compiling module xil_defaultlib.CFGLUT5_HD34
Compiling module xil_defaultlib.CFGLUT5_HD35
Compiling module xil_defaultlib.ila_0_ltlib_v1_0_0_all_typeA_sli...
Compiling module xil_defaultlib.CFGLUT5_HD36
Compiling module xil_defaultlib.CFGLUT5_HD37
Compiling module xil_defaultlib.CFGLUT5_HD38
Compiling module xil_defaultlib.CFGLUT5_HD39
Compiling module xil_defaultlib.ila_0_ltlib_v1_0_0_all_typeA_sli...
Compiling module xil_defaultlib.CFGLUT5_HD40
Compiling module xil_defaultlib.CFGLUT5_HD41
Compiling module xil_defaultlib.CFGLUT5_HD42
Compiling module xil_defaultlib.CFGLUT5_HD43
Compiling module xil_defaultlib.ila_0_ltlib_v1_0_0_all_typeA_sli...
Compiling module xil_defaultlib.ila_0_ltlib_v1_0_0_all_typeA__pa...
Compiling module xil_defaultlib.ila_0_ltlib_v1_0_0_allx_typeA__p...
Compiling module xil_defaultlib.ila_0_ltlib_v1_0_0_match__parame...
Compiling module xil_defaultlib.CFGLUT5_HD44
Compiling module xil_defaultlib.CFGLUT5_HD45
Compiling module xil_defaultlib.CFGLUT5_HD46
Compiling module xil_defaultlib.CFGLUT5_HD47
Compiling module xil_defaultlib.ila_0_ltlib_v1_0_0_all_typeA_sli...
Compiling module xil_defaultlib.CFGLUT5_HD48
Compiling module xil_defaultlib.CFGLUT5_HD49
Compiling module xil_defaultlib.CFGLUT5_HD50
Compiling module xil_defaultlib.CFGLUT5_HD51
Compiling module xil_defaultlib.ila_0_ltlib_v1_0_0_all_typeA_sli...
Compiling module xil_defaultlib.CFGLUT5_HD52
Compiling module xil_defaultlib.CFGLUT5_HD53
Compiling module xil_defaultlib.CFGLUT5_HD54
Compiling module xil_defaultlib.CFGLUT5_HD55
Compiling module xil_defaultlib.ila_0_ltlib_v1_0_0_all_typeA_sli...
Compiling module xil_defaultlib.ila_0_ltlib_v1_0_0_all_typeA__pa...
Compiling module xil_defaultlib.ila_0_ltlib_v1_0_0_allx_typeA__p...
Compiling module xil_defaultlib.ila_0_ltlib_v1_0_0_match__parame...
Compiling module xil_defaultlib.CFGLUT5_HD56
Compiling module xil_defaultlib.CFGLUT5_HD57
Compiling module xil_defaultlib.CFGLUT5_HD58
Compiling module xil_defaultlib.CFGLUT5_HD59
Compiling module xil_defaultlib.ila_0_ltlib_v1_0_0_all_typeA_sli...
Compiling module xil_defaultlib.ila_0_ltlib_v1_0_0_all_typeA_4
Compiling module xil_defaultlib.ila_0_ltlib_v1_0_0_allx_typeA__p...
Compiling module xil_defaultlib.ila_0_ltlib_v1_0_0_match__parame...
Compiling module xil_defaultlib.CFGLUT5_HD60
Compiling module xil_defaultlib.CFGLUT5_HD61
Compiling module xil_defaultlib.CFGLUT5_HD62
Compiling module xil_defaultlib.CFGLUT5_HD63
Compiling module xil_defaultlib.ila_0_ltlib_v1_0_0_all_typeA_sli...
Compiling module xil_defaultlib.ila_0_ltlib_v1_0_0_all_typeA
Compiling module xil_defaultlib.ila_0_ltlib_v1_0_0_allx_typeA__p...
Compiling module xil_defaultlib.ila_0_ltlib_v1_0_0_match__parame...
Compiling module xil_defaultlib.CFGLUT5_HD64
Compiling module xil_defaultlib.CFGLUT5_HD65
Compiling module xil_defaultlib.CFGLUT5_HD66
Compiling module xil_defaultlib.CFGLUT5_HD67
Compiling module xil_defaultlib.ila_0_ltlib_v1_0_0_all_typeA_sli...
Compiling module xil_defaultlib.CFGLUT5_HD68
Compiling module xil_defaultlib.CFGLUT5_HD69
Compiling module xil_defaultlib.CFGLUT5_HD70
Compiling module xil_defaultlib.CFGLUT5_HD71
Compiling module xil_defaultlib.ila_0_ltlib_v1_0_0_all_typeA_sli...
Compiling module xil_defaultlib.CFGLUT5_HD72
Compiling module xil_defaultlib.CFGLUT5_HD73
Compiling module xil_defaultlib.CFGLUT5_HD74
Compiling module xil_defaultlib.CFGLUT5_HD75
Compiling module xil_defaultlib.ila_0_ltlib_v1_0_0_all_typeA_sli...
Compiling module xil_defaultlib.CFGLUT5_HD76
Compiling module xil_defaultlib.CFGLUT5_HD77
Compiling module xil_defaultlib.CFGLUT5_HD78
Compiling module xil_defaultlib.CFGLUT5_HD79
Compiling module xil_defaultlib.ila_0_ltlib_v1_0_0_all_typeA_sli...
Compiling module xil_defaultlib.ila_0_ltlib_v1_0_0_all_typeA__pa...
Compiling module xil_defaultlib.ila_0_ltlib_v1_0_0_allx_typeA__p...
Compiling module xil_defaultlib.ila_0_ltlib_v1_0_0_match__parame...
Compiling module xil_defaultlib.ila_0_ila_v6_2_10_ila_trig_match
Compiling module xil_defaultlib.ila_0_ila_v6_2_10_ila_trigger
Compiling module xil_defaultlib.ila_0_ltlib_v1_0_0_generic_memrd
Compiling module xil_defaultlib.ila_0_ila_v6_2_10_ila_core
Compiling module xil_defaultlib.ila_0_ila_v6_2_10_ila
Compiling module xil_defaultlib.ila_0
Compiling module xil_defaultlib.Pipeline
Compiling module simprims_ver.IBUF
Compiling module xil_defaultlib.xsdbm_v3_0_0_ctl_reg
Compiling module xil_defaultlib.xsdbm_v3_0_0_stat_reg
Compiling module xil_defaultlib.xsdbm_v3_0_0_stat_reg__parameter...
Compiling module xil_defaultlib.xsdbm_v3_0_0_ctl_reg__parameteri...
Compiling module xil_defaultlib.xsdbm_v3_0_0_ctl_reg__parameteri...
Compiling module simprims_ver.VCC
Compiling module simprims_ver.FDCE(XON="FALSE")
Compiling module xil_defaultlib.synchronizer_ff__parameterized0_...
Compiling module xil_defaultlib.synchronizer_ff__parameterized0_...
Compiling module xil_defaultlib.synchronizer_ff__parameterized0_...
Compiling module xil_defaultlib.synchronizer_ff__parameterized0_...
Compiling module xil_defaultlib.clk_x_pntrs_7
Compiling module xil_defaultlib.rd_fwft
Compiling module xil_defaultlib.rd_status_flags_as_17
Compiling module xil_defaultlib.rd_handshaking_flags__parameteri...
Compiling module xil_defaultlib.rd_bin_cntr_18
Compiling module xil_defaultlib.rd_logic__parameterized0
Compiling module xil_defaultlib.wr_status_flags_as_14
Compiling module xil_defaultlib.wr_handshaking_flags_15
Compiling module xil_defaultlib.wr_bin_cntr_16
Compiling module xil_defaultlib.wr_logic__parameterized0
Compiling module simprims_ver.RAMD32
Compiling module simprims_ver.RAMS32
Compiling module xil_defaultlib.RAM32M_UNIQ_BASE_
Compiling module xil_defaultlib.RAM32M_HD80
Compiling module xil_defaultlib.RAM32M_HD81
Compiling module xil_defaultlib.dmem_13
Compiling module xil_defaultlib.memory__parameterized0
Compiling module xil_defaultlib.synchronizer_ff_9
Compiling module xil_defaultlib.synchronizer_ff_10
Compiling module xil_defaultlib.synchronizer_ff_11
Compiling module xil_defaultlib.synchronizer_ff_12
Compiling module simprims_ver.FDPE(XON="FALSE",INIT=1'b0)
Compiling module xil_defaultlib.reset_blk_ramfifo_8
Compiling module xil_defaultlib.fifo_generator_ramfifo__paramete...
Compiling module xil_defaultlib.fifo_generator_top__parameterize...
Compiling module xil_defaultlib.fifo_generator_v13_1_4_synth__pa...
Compiling module xil_defaultlib.fifo_generator_v13_1_4__paramete...
Compiling module xil_defaultlib.xsdbm_v3_0_0_rdfifo
Compiling module xil_defaultlib.xsdbm_v3_0_0_rdreg
Compiling module xil_defaultlib.synchronizer_ff__parameterized0
Compiling module xil_defaultlib.synchronizer_ff__parameterized0_...
Compiling module xil_defaultlib.synchronizer_ff__parameterized0_...
Compiling module xil_defaultlib.synchronizer_ff__parameterized0_...
Compiling module xil_defaultlib.clk_x_pntrs
Compiling module xil_defaultlib.rd_status_flags_as
Compiling module xil_defaultlib.rd_handshaking_flags
Compiling module xil_defaultlib.rd_bin_cntr
Compiling module xil_defaultlib.rd_logic
Compiling module xil_defaultlib.wr_status_flags_as
Compiling module xil_defaultlib.wr_handshaking_flags
Compiling module xil_defaultlib.wr_bin_cntr
Compiling module xil_defaultlib.wr_logic
Compiling module xil_defaultlib.RAM32M_HD82
Compiling module xil_defaultlib.RAM32M_HD83
Compiling module xil_defaultlib.RAM32M_HD84
Compiling module xil_defaultlib.dmem
Compiling module xil_defaultlib.memory
Compiling module xil_defaultlib.synchronizer_ff
Compiling module xil_defaultlib.synchronizer_ff_1
Compiling module xil_defaultlib.synchronizer_ff_2
Compiling module xil_defaultlib.synchronizer_ff_3
Compiling module xil_defaultlib.reset_blk_ramfifo
Compiling module xil_defaultlib.fifo_generator_ramfifo
Compiling module xil_defaultlib.fifo_generator_top
Compiling module xil_defaultlib.fifo_generator_v13_1_4_synth
Compiling module xil_defaultlib.fifo_generator_v13_1_4
Compiling module xil_defaultlib.xsdbm_v3_0_0_wrfifo
Compiling module xil_defaultlib.xsdbm_v3_0_0_wrreg
Compiling module xil_defaultlib.xsdbm_v3_0_0_ctl_reg__parameteri...
Compiling module xil_defaultlib.xsdbm_v3_0_0_stat_reg__parameter...
Compiling module xil_defaultlib.xsdbm_v3_0_0_if_static_status
Compiling module xil_defaultlib.xsdbm_v3_0_0_if
Compiling module xil_defaultlib.xsdbm_v3_0_0_addr_ctl
Compiling module xil_defaultlib.xsdbm_v3_0_0_burst_wdlen_ctl
Compiling module xil_defaultlib.xsdbm_v3_0_0_bus_ctl_flg__parame...
Compiling module xil_defaultlib.xsdbm_v3_0_0_bus_ctl_flg
Compiling module xil_defaultlib.xsdbm_v3_0_0_bus_ctl_cnt
Compiling module xil_defaultlib.xsdbm_v3_0_0_bus_ctl
Compiling module xil_defaultlib.xsdbm_v3_0_0_bus_mstr2sl_if
Compiling module xil_defaultlib.xsdbm_v3_0_0_icon2xsdb
Compiling module xil_defaultlib.xsdbm_v3_0_0_cmd_decode
Compiling module xil_defaultlib.xsdbm_v3_0_0_stat
Compiling module xil_defaultlib.xsdbm_v3_0_0_sync
Compiling module xil_defaultlib.xsdbm_v3_0_0_icon
Compiling module simprims_ver.BSCANE2
Compiling module xil_defaultlib.ltlib_v1_0_0_bscan
Compiling module xil_defaultlib.xsdbm_v3_0_0_bscan_switch
Compiling module xil_defaultlib.xsdbm_v3_0_0_xsdbm_id
Compiling module xil_defaultlib.xsdbm_v3_0_0_xsdbm
Compiling module xil_defaultlib.dbg_hub
Compiling module simprims_ver.OBUF
Compiling module xil_defaultlib.CPU
Compiling module xil_defaultlib.testbench
Compiling module xil_defaultlib.glbl
Built simulation snapshot testbench_time_impl
